H. Vincent Poor
Yan Zhang
Wei Wang
Wen Gao
Philip S. Yu
Wei Liu
Thomas S. Huang
Xin Li
Chin-Chen Chang
Elisa Bertino
Lajos Hanzo
Yu Zhang
Jiawei Han
Jing Li
Witold Pedrycz
Xiaodong Wang
Yang Yang
Lei Wang
Edwin R. Hancock
Wei Li
Tao Li
Li Zhang
Hai Jin
Wei Zhang
Mohamed-Slim Alouini
Mario Piattini
Jian Li
Sajal K. Das
Sudhakar M. Reddy
Ying Zhang
Kang G. Shin
Ajith Abraham
Hans-Peter Seidel
Jun Liu
Bin Wang
Georgios B. Giannakis
Makoto Takizawa
Qing Li
Mahmut T. Kandemir
Bin Li
Chao Wang
Luca Benini
Jun Zhang
Yan Li
Irith Pomeranz
Yong Wang
Noga Alon
Lei Zhang
Leonard Barolli
Kaushik Roy
Norman C. Beaulieu
Mario Gerla
Bo Zhang
Azzedine Boukerche
Jie Wu 0001
Jing Liu
Alberto L. Sangiovanni-Vincentelli
K. J. Ray Liu
Peng Li
Anil K. Jain
Hui Li
Victor C. M. Leung
Jing Wang
Tao Jiang
Ying Wang
Hong Zhang
Yong Zhang
Hermann Ney
Micha Sharir
Francky Catthoor
Ying Li
Hao Wang
Josef Kittler
Jian Wang
Moshe Y. Vardi
Li Chen
Xuemin Shen
Wil M. P. van der Aalst
Yan Wang
Robert Schober
Nicholas R. Jennings
Joseph Y. Halpern
Rama Chellappa
Ying Liu
Henri Prade
Jack Dongarra
Qian Zhang
Xi Chen
Peng Zhang
Yan Chen
Jian Yang
Viktor K. Prasanna
Christoph Meinel
Jiannong Cao
Eitan Altman
Sushil Jajodia
Luc J. Van Gool
Xiang Li
Jun Wang
Massoud Pedram
